2023-05-17 21:05:221 INFO  HomePage :68 - Enter job title [[ChromeDriver: chrome on WINDOWS (0e3e6ccff009913a9651034c95085d1b)] -> xpath: //input[@id='keywords']]
2023-05-17 21:05:391 INFO  HomePage :74 - Enter Location [[ChromeDriver: chrome on WINDOWS (0e3e6ccff009913a9651034c95085d1b)] -> xpath: //input[@id='location']]
2023-05-17 21:05:488 INFO  HomePage :79 - Enter Distance [[ChromeDriver: chrome on WINDOWS (0e3e6ccff009913a9651034c95085d1b)] -> xpath: //select[@id='distance']]
2023-05-17 21:05:568 INFO  HomePage :84 - Click on more Option Link [[ChromeDriver: chrome on WINDOWS (0e3e6ccff009913a9651034c95085d1b)] -> xpath: //button[@id='toggle-hp-search']]
2023-05-17 21:05:745 INFO  HomePage :89 - Enter Min Salary [[ChromeDriver: chrome on WINDOWS (0e3e6ccff009913a9651034c95085d1b)] -> xpath: //input[@id='salarymin']]
2023-05-17 21:05:816 INFO  HomePage :94 - Enter Max Salary [[ChromeDriver: chrome on WINDOWS (0e3e6ccff009913a9651034c95085d1b)] -> xpath: //input[@id='salarymax']]
2023-05-17 21:05:897 INFO  HomePage :99 - Click on Salary TypeDropDown Link [[ChromeDriver: chrome on WINDOWS (0e3e6ccff009913a9651034c95085d1b)] -> xpath: //select[@id='salarytype']]
2023-05-17 21:05:969 INFO  HomePage :104 - Click on job TypeDropDown Link [[ChromeDriver: chrome on WINDOWS (0e3e6ccff009913a9651034c95085d1b)] -> xpath: //select[@id='tempperm']]
2023-05-17 21:05:48 INFO  HomePage :109 - Click on find Jobs Button [[ChromeDriver: chrome on WINDOWS (0e3e6ccff009913a9651034c95085d1b)] -> xpath: //input[@id='hp-search-btn']]
2023-05-17 22:05:299 INFO  HomePage :67 - Acceptcookies:[[ChromeDriver: chrome on WINDOWS (0757e54445d57df15dac68096664d1ac)] -> xpath: //button[@id='save']]
2023-05-17 22:05:655 INFO  HomePage :71 - Enter job title:[[ChromeDriver: chrome on WINDOWS (0757e54445d57df15dac68096664d1ac)] -> id: keywords]
2023-05-17 22:05:758 INFO  HomePage :75 - Enter location:[[ChromeDriver: chrome on WINDOWS (0757e54445d57df15dac68096664d1ac)] -> id: location]
2023-05-17 22:05:859 INFO  HomePage :79 - Select distance:[[ChromeDriver: chrome on WINDOWS (0757e54445d57df15dac68096664d1ac)] -> id: distance]
2023-05-17 22:05:938 INFO  HomePage :83 - Click on more search option:[[ChromeDriver: chrome on WINDOWS (0757e54445d57df15dac68096664d1ac)] -> id: toggle-hp-search]
2023-05-17 22:05:68 INFO  HomePage :87 - Enter min salary:[[ChromeDriver: chrome on WINDOWS (0757e54445d57df15dac68096664d1ac)] -> id: salarymin]
2023-05-17 22:05:157 INFO  HomePage :92 - Enter max salary:[[ChromeDriver: chrome on WINDOWS (0757e54445d57df15dac68096664d1ac)] -> id: salarymax]
2023-05-17 22:05:233 INFO  HomePage :96 - Select salary type from the dropdown:[[ChromeDriver: chrome on WINDOWS (0757e54445d57df15dac68096664d1ac)] -> id: salarytype]
2023-05-17 22:05:301 INFO  HomePage :100 - Select job type from the dropdown:[[ChromeDriver: chrome on WINDOWS (0757e54445d57df15dac68096664d1ac)] -> id: tempperm]
2023-05-17 22:05:386 INFO  HomePage :104 - Click on:[[ChromeDriver: chrome on WINDOWS (0757e54445d57df15dac68096664d1ac)] -> id: hp-search-btn]
2023-05-17 22:05:749 INFO  ResultPage :24 - Verify the result:[[ChromeDriver: chrome on WINDOWS (0757e54445d57df15dac68096664d1ac)] -> xpath: //h1[@class='search-header__title']]
2023-05-17 22:05:890 INFO  HomePage :67 - Acceptcookies:[[ChromeDriver: chrome on WINDOWS (1bc4f3b5a3a04109b58939942e285bef)] -> xpath: //button[@id='save']]
2023-05-17 22:05:279 INFO  HomePage :71 - Enter job title:[[ChromeDriver: chrome on WINDOWS (1bc4f3b5a3a04109b58939942e285bef)] -> id: keywords]
2023-05-17 22:05:418 INFO  HomePage :75 - Enter location:[[ChromeDriver: chrome on WINDOWS (1bc4f3b5a3a04109b58939942e285bef)] -> id: location]
2023-05-17 22:05:543 INFO  HomePage :79 - Select distance:[[ChromeDriver: chrome on WINDOWS (1bc4f3b5a3a04109b58939942e285bef)] -> id: distance]
2023-05-17 22:05:772 INFO  HomePage :83 - Click on more search option:[[ChromeDriver: chrome on WINDOWS (1bc4f3b5a3a04109b58939942e285bef)] -> id: toggle-hp-search]
2023-05-17 22:05:889 INFO  HomePage :87 - Enter min salary:[[ChromeDriver: chrome on WINDOWS (1bc4f3b5a3a04109b58939942e285bef)] -> id: salarymin]
2023-05-17 22:05:994 INFO  HomePage :92 - Enter max salary:[[ChromeDriver: chrome on WINDOWS (1bc4f3b5a3a04109b58939942e285bef)] -> id: salarymax]
2023-05-17 22:05:79 INFO  HomePage :96 - Select salary type from the dropdown:[[ChromeDriver: chrome on WINDOWS (1bc4f3b5a3a04109b58939942e285bef)] -> id: salarytype]
2023-05-17 22:05:157 INFO  HomePage :100 - Select job type from the dropdown:[[ChromeDriver: chrome on WINDOWS (1bc4f3b5a3a04109b58939942e285bef)] -> id: tempperm]
2023-05-17 22:05:247 INFO  HomePage :104 - Click on:[[ChromeDriver: chrome on WINDOWS (1bc4f3b5a3a04109b58939942e285bef)] -> id: hp-search-btn]
2023-05-17 22:05:706 INFO  ResultPage :24 - Verify the result:[[ChromeDriver: chrome on WINDOWS (1bc4f3b5a3a04109b58939942e285bef)] -> xpath: //h1[@class='search-header__title']]
2023-05-17 22:05:419 INFO  HomePage :67 - Acceptcookies:[[ChromeDriver: chrome on WINDOWS (2dad96e13099ccbf72c58cf677e48fc7)] -> xpath: //button[@id='save']]
2023-05-17 22:05:493 INFO  HomePage :71 - Enter job title:[[ChromeDriver: chrome on WINDOWS (2dad96e13099ccbf72c58cf677e48fc7)] -> id: keywords]
2023-05-17 22:05:833 INFO  HomePage :75 - Enter location:[[ChromeDriver: chrome on WINDOWS (2dad96e13099ccbf72c58cf677e48fc7)] -> id: location]
2023-05-17 22:05:921 INFO  HomePage :79 - Select distance:[[ChromeDriver: chrome on WINDOWS (2dad96e13099ccbf72c58cf677e48fc7)] -> id: distance]
2023-05-17 22:05:989 INFO  HomePage :83 - Click on more search option:[[ChromeDriver: chrome on WINDOWS (2dad96e13099ccbf72c58cf677e48fc7)] -> id: toggle-hp-search]
2023-05-17 22:05:97 INFO  HomePage :87 - Enter min salary:[[ChromeDriver: chrome on WINDOWS (2dad96e13099ccbf72c58cf677e48fc7)] -> id: salarymin]
2023-05-17 22:05:203 INFO  HomePage :92 - Enter max salary:[[ChromeDriver: chrome on WINDOWS (2dad96e13099ccbf72c58cf677e48fc7)] -> id: salarymax]
2023-05-17 22:05:281 INFO  HomePage :96 - Select salary type from the dropdown:[[ChromeDriver: chrome on WINDOWS (2dad96e13099ccbf72c58cf677e48fc7)] -> id: salarytype]
2023-05-17 22:05:349 INFO  HomePage :100 - Select job type from the dropdown:[[ChromeDriver: chrome on WINDOWS (2dad96e13099ccbf72c58cf677e48fc7)] -> id: tempperm]
2023-05-17 22:05:428 INFO  HomePage :104 - Click on:[[ChromeDriver: chrome on WINDOWS (2dad96e13099ccbf72c58cf677e48fc7)] -> id: hp-search-btn]
2023-05-17 22:05:02 INFO  ResultPage :24 - Verify the result:[[ChromeDriver: chrome on WINDOWS (2dad96e13099ccbf72c58cf677e48fc7)] -> xpath: //h1[@class='search-header__title']]
2023-05-17 22:05:953 INFO  HomePage :67 - Acceptcookies:[[ChromeDriver: chrome on WINDOWS (8f9d440867baa3ca74ced02dae410a22)] -> xpath: //button[@id='save']]
2023-05-17 22:05:298 INFO  HomePage :71 - Enter job title:[[ChromeDriver: chrome on WINDOWS (8f9d440867baa3ca74ced02dae410a22)] -> id: keywords]
2023-05-17 22:05:412 INFO  HomePage :75 - Enter location:[[ChromeDriver: chrome on WINDOWS (8f9d440867baa3ca74ced02dae410a22)] -> id: location]
2023-05-17 22:05:501 INFO  HomePage :79 - Select distance:[[ChromeDriver: chrome on WINDOWS (8f9d440867baa3ca74ced02dae410a22)] -> id: distance]
2023-05-17 22:05:575 INFO  HomePage :83 - Click on more search option:[[ChromeDriver: chrome on WINDOWS (8f9d440867baa3ca74ced02dae410a22)] -> id: toggle-hp-search]
2023-05-17 22:05:727 INFO  HomePage :87 - Enter min salary:[[ChromeDriver: chrome on WINDOWS (8f9d440867baa3ca74ced02dae410a22)] -> id: salarymin]
2023-05-17 22:05:804 INFO  HomePage :92 - Enter max salary:[[ChromeDriver: chrome on WINDOWS (8f9d440867baa3ca74ced02dae410a22)] -> id: salarymax]
2023-05-17 22:05:881 INFO  HomePage :96 - Select salary type from the dropdown:[[ChromeDriver: chrome on WINDOWS (8f9d440867baa3ca74ced02dae410a22)] -> id: salarytype]
2023-05-17 22:05:945 INFO  HomePage :100 - Select job type from the dropdown:[[ChromeDriver: chrome on WINDOWS (8f9d440867baa3ca74ced02dae410a22)] -> id: tempperm]
2023-05-17 22:05:22 INFO  HomePage :104 - Click on:[[ChromeDriver: chrome on WINDOWS (8f9d440867baa3ca74ced02dae410a22)] -> id: hp-search-btn]
2023-05-17 22:05:232 INFO  ResultPage :24 - Verify the result:[[ChromeDriver: chrome on WINDOWS (8f9d440867baa3ca74ced02dae410a22)] -> xpath: //h1[@class='search-header__title']]
2023-05-17 22:05:310 INFO  HomePage :67 - Acceptcookies:[[ChromeDriver: chrome on WINDOWS (7d02f3ac0ac17b2e9d55d861a72b40d5)] -> xpath: //button[@id='save']]
2023-05-17 22:05:738 INFO  HomePage :71 - Enter job title:[[ChromeDriver: chrome on WINDOWS (7d02f3ac0ac17b2e9d55d861a72b40d5)] -> id: keywords]
2023-05-17 22:05:823 INFO  HomePage :75 - Enter location:[[ChromeDriver: chrome on WINDOWS (7d02f3ac0ac17b2e9d55d861a72b40d5)] -> id: location]
2023-05-17 22:05:898 INFO  HomePage :79 - Select distance:[[ChromeDriver: chrome on WINDOWS (7d02f3ac0ac17b2e9d55d861a72b40d5)] -> id: distance]
2023-05-17 22:05:01 INFO  HomePage :83 - Click on more search option:[[ChromeDriver: chrome on WINDOWS (7d02f3ac0ac17b2e9d55d861a72b40d5)] -> id: toggle-hp-search]
2023-05-17 22:05:181 INFO  HomePage :87 - Enter min salary:[[ChromeDriver: chrome on WINDOWS (7d02f3ac0ac17b2e9d55d861a72b40d5)] -> id: salarymin]
2023-05-17 22:05:251 INFO  HomePage :92 - Enter max salary:[[ChromeDriver: chrome on WINDOWS (7d02f3ac0ac17b2e9d55d861a72b40d5)] -> id: salarymax]
2023-05-17 22:05:336 INFO  HomePage :96 - Select salary type from the dropdown:[[ChromeDriver: chrome on WINDOWS (7d02f3ac0ac17b2e9d55d861a72b40d5)] -> id: salarytype]
2023-05-17 22:05:414 INFO  HomePage :100 - Select job type from the dropdown:[[ChromeDriver: chrome on WINDOWS (7d02f3ac0ac17b2e9d55d861a72b40d5)] -> id: tempperm]
2023-05-17 22:05:498 INFO  HomePage :104 - Click on:[[ChromeDriver: chrome on WINDOWS (7d02f3ac0ac17b2e9d55d861a72b40d5)] -> id: hp-search-btn]
2023-05-17 22:05:107 INFO  ResultPage :24 - Verify the result:[[ChromeDriver: chrome on WINDOWS (7d02f3ac0ac17b2e9d55d861a72b40d5)] -> xpath: //h1[@class='search-header__title']]
2023-05-17 22:05:972 INFO  HomePage :67 - Acceptcookies:[[ChromeDriver: chrome on WINDOWS (b17256a5d5daeff54563f6d0f5011805)] -> xpath: //button[@id='save']]
2023-05-17 22:05:320 INFO  HomePage :71 - Enter job title:[[ChromeDriver: chrome on WINDOWS (b17256a5d5daeff54563f6d0f5011805)] -> id: keywords]
2023-05-17 22:05:440 INFO  HomePage :75 - Enter location:[[ChromeDriver: chrome on WINDOWS (b17256a5d5daeff54563f6d0f5011805)] -> id: location]
2023-05-17 22:05:533 INFO  HomePage :79 - Select distance:[[ChromeDriver: chrome on WINDOWS (b17256a5d5daeff54563f6d0f5011805)] -> id: distance]
2023-05-17 22:05:606 INFO  HomePage :83 - Click on more search option:[[ChromeDriver: chrome on WINDOWS (b17256a5d5daeff54563f6d0f5011805)] -> id: toggle-hp-search]
2023-05-17 22:05:755 INFO  HomePage :87 - Enter min salary:[[ChromeDriver: chrome on WINDOWS (b17256a5d5daeff54563f6d0f5011805)] -> id: salarymin]
2023-05-17 22:05:834 INFO  HomePage :92 - Enter max salary:[[ChromeDriver: chrome on WINDOWS (b17256a5d5daeff54563f6d0f5011805)] -> id: salarymax]
2023-05-17 22:05:908 INFO  HomePage :96 - Select salary type from the dropdown:[[ChromeDriver: chrome on WINDOWS (b17256a5d5daeff54563f6d0f5011805)] -> id: salarytype]
2023-05-17 22:05:971 INFO  HomePage :100 - Select job type from the dropdown:[[ChromeDriver: chrome on WINDOWS (b17256a5d5daeff54563f6d0f5011805)] -> id: tempperm]
2023-05-17 22:05:52 INFO  HomePage :104 - Click on:[[ChromeDriver: chrome on WINDOWS (b17256a5d5daeff54563f6d0f5011805)] -> id: hp-search-btn]
2023-05-17 22:05:370 INFO  ResultPage :24 - Verify the result:[[ChromeDriver: chrome on WINDOWS (b17256a5d5daeff54563f6d0f5011805)] -> xpath: //h1[@class='search-header__title']]
2023-05-17 22:05:226 INFO  HomePage :67 - Acceptcookies:[[ChromeDriver: chrome on WINDOWS (a717c798202462d11eaa2e5d3a199d44)] -> xpath: //button[@id='save']]
2023-05-17 22:05:675 INFO  HomePage :71 - Enter job title:[[ChromeDriver: chrome on WINDOWS (a717c798202462d11eaa2e5d3a199d44)] -> id: keywords]
2023-05-17 22:05:816 INFO  HomePage :75 - Enter location:[[ChromeDriver: chrome on WINDOWS (a717c798202462d11eaa2e5d3a199d44)] -> id: location]
2023-05-17 22:05:946 INFO  HomePage :79 - Select distance:[[ChromeDriver: chrome on WINDOWS (a717c798202462d11eaa2e5d3a199d44)] -> id: distance]
2023-05-17 22:05:28 INFO  HomePage :83 - Click on more search option:[[ChromeDriver: chrome on WINDOWS (a717c798202462d11eaa2e5d3a199d44)] -> id: toggle-hp-search]
2023-05-17 22:05:270 INFO  HomePage :87 - Enter min salary:[[ChromeDriver: chrome on WINDOWS (a717c798202462d11eaa2e5d3a199d44)] -> id: salarymin]
2023-05-17 22:05:378 INFO  HomePage :92 - Enter max salary:[[ChromeDriver: chrome on WINDOWS (a717c798202462d11eaa2e5d3a199d44)] -> id: salarymax]
2023-05-17 22:05:472 INFO  HomePage :96 - Select salary type from the dropdown:[[ChromeDriver: chrome on WINDOWS (a717c798202462d11eaa2e5d3a199d44)] -> id: salarytype]
2023-05-17 22:05:562 INFO  HomePage :100 - Select job type from the dropdown:[[ChromeDriver: chrome on WINDOWS (a717c798202462d11eaa2e5d3a199d44)] -> id: tempperm]
2023-05-17 22:05:659 INFO  HomePage :104 - Click on:[[ChromeDriver: chrome on WINDOWS (a717c798202462d11eaa2e5d3a199d44)] -> id: hp-search-btn]
2023-05-17 22:05:826 INFO  ResultPage :24 - Verify the result:[[ChromeDriver: chrome on WINDOWS (a717c798202462d11eaa2e5d3a199d44)] -> xpath: //h1[@class='search-header__title']]
2023-05-17 22:05:695 INFO  HomePage :67 - Acceptcookies:[[ChromeDriver: chrome on WINDOWS (c251f429c32f7dd5c5c00ba484aae739)] -> xpath: //button[@id='save']]
2023-05-17 22:05:900 INFO  HomePage :71 - Enter job title:[[ChromeDriver: chrome on WINDOWS (c251f429c32f7dd5c5c00ba484aae739)] -> id: keywords]
2023-05-17 22:05:249 INFO  HomePage :75 - Enter location:[[ChromeDriver: chrome on WINDOWS (c251f429c32f7dd5c5c00ba484aae739)] -> id: location]
2023-05-17 22:05:383 INFO  HomePage :79 - Select distance:[[ChromeDriver: chrome on WINDOWS (c251f429c32f7dd5c5c00ba484aae739)] -> id: distance]
2023-05-17 22:05:509 INFO  HomePage :83 - Click on more search option:[[ChromeDriver: chrome on WINDOWS (c251f429c32f7dd5c5c00ba484aae739)] -> id: toggle-hp-search]
2023-05-17 22:05:681 INFO  HomePage :87 - Enter min salary:[[ChromeDriver: chrome on WINDOWS (c251f429c32f7dd5c5c00ba484aae739)] -> id: salarymin]
2023-05-17 22:05:811 INFO  HomePage :92 - Enter max salary:[[ChromeDriver: chrome on WINDOWS (c251f429c32f7dd5c5c00ba484aae739)] -> id: salarymax]
2023-05-17 22:05:912 INFO  HomePage :96 - Select salary type from the dropdown:[[ChromeDriver: chrome on WINDOWS (c251f429c32f7dd5c5c00ba484aae739)] -> id: salarytype]
2023-05-17 22:05:993 INFO  HomePage :100 - Select job type from the dropdown:[[ChromeDriver: chrome on WINDOWS (c251f429c32f7dd5c5c00ba484aae739)] -> id: tempperm]
2023-05-17 22:05:99 INFO  HomePage :104 - Click on:[[ChromeDriver: chrome on WINDOWS (c251f429c32f7dd5c5c00ba484aae739)] -> id: hp-search-btn]
2023-05-17 22:05:279 INFO  ResultPage :24 - Verify the result:[[ChromeDriver: chrome on WINDOWS (c251f429c32f7dd5c5c00ba484aae739)] -> xpath: //h1[@class='search-header__title']]
2023-05-17 22:05:328 INFO  HomePage :67 - Acceptcookies:[[ChromeDriver: chrome on WINDOWS (c01882371940d4c8edc813a198f0fa56)] -> xpath: //button[@id='save']]
2023-05-17 22:05:827 INFO  HomePage :71 - Enter job title:[[ChromeDriver: chrome on WINDOWS (c01882371940d4c8edc813a198f0fa56)] -> id: keywords]
2023-05-17 22:05:946 INFO  HomePage :75 - Enter location:[[ChromeDriver: chrome on WINDOWS (c01882371940d4c8edc813a198f0fa56)] -> id: location]
2023-05-17 22:05:116 INFO  HomePage :79 - Select distance:[[ChromeDriver: chrome on WINDOWS (c01882371940d4c8edc813a198f0fa56)] -> id: distance]
2023-05-17 22:05:361 INFO  HomePage :83 - Click on more search option:[[ChromeDriver: chrome on WINDOWS (c01882371940d4c8edc813a198f0fa56)] -> id: toggle-hp-search]
2023-05-17 22:05:578 INFO  HomePage :87 - Enter min salary:[[ChromeDriver: chrome on WINDOWS (c01882371940d4c8edc813a198f0fa56)] -> id: salarymin]
2023-05-17 22:05:700 INFO  HomePage :92 - Enter max salary:[[ChromeDriver: chrome on WINDOWS (c01882371940d4c8edc813a198f0fa56)] -> id: salarymax]
2023-05-17 22:05:811 INFO  HomePage :96 - Select salary type from the dropdown:[[ChromeDriver: chrome on WINDOWS (c01882371940d4c8edc813a198f0fa56)] -> id: salarytype]
2023-05-17 22:05:906 INFO  HomePage :100 - Select job type from the dropdown:[[ChromeDriver: chrome on WINDOWS (c01882371940d4c8edc813a198f0fa56)] -> id: tempperm]
2023-05-17 22:05:16 INFO  HomePage :104 - Click on:[[ChromeDriver: chrome on WINDOWS (c01882371940d4c8edc813a198f0fa56)] -> id: hp-search-btn]
2023-05-17 22:05:893 INFO  ResultPage :24 - Verify the result:[[ChromeDriver: chrome on WINDOWS (c01882371940d4c8edc813a198f0fa56)] -> xpath: //h1[@class='search-header__title']]
2023-05-17 22:05:263 INFO  HomePage :67 - Acceptcookies:[[ChromeDriver: chrome on WINDOWS (cafee35e6ce8d2b69e717c1e2c49fb09)] -> xpath: //button[@id='save']]
2023-05-17 22:05:762 INFO  HomePage :71 - Enter job title:[[ChromeDriver: chrome on WINDOWS (cafee35e6ce8d2b69e717c1e2c49fb09)] -> id: keywords]
2023-05-17 22:05:898 INFO  HomePage :75 - Enter location:[[ChromeDriver: chrome on WINDOWS (cafee35e6ce8d2b69e717c1e2c49fb09)] -> id: location]
2023-05-17 22:05:70 INFO  HomePage :79 - Select distance:[[ChromeDriver: chrome on WINDOWS (cafee35e6ce8d2b69e717c1e2c49fb09)] -> id: distance]
2023-05-17 22:05:156 INFO  HomePage :83 - Click on more search option:[[ChromeDriver: chrome on WINDOWS (cafee35e6ce8d2b69e717c1e2c49fb09)] -> id: toggle-hp-search]
2023-05-17 22:05:380 INFO  HomePage :87 - Enter min salary:[[ChromeDriver: chrome on WINDOWS (cafee35e6ce8d2b69e717c1e2c49fb09)] -> id: salarymin]
2023-05-17 22:05:493 INFO  HomePage :92 - Enter max salary:[[ChromeDriver: chrome on WINDOWS (cafee35e6ce8d2b69e717c1e2c49fb09)] -> id: salarymax]
2023-05-17 22:05:591 INFO  HomePage :96 - Select salary type from the dropdown:[[ChromeDriver: chrome on WINDOWS (cafee35e6ce8d2b69e717c1e2c49fb09)] -> id: salarytype]
2023-05-17 22:05:686 INFO  HomePage :100 - Select job type from the dropdown:[[ChromeDriver: chrome on WINDOWS (cafee35e6ce8d2b69e717c1e2c49fb09)] -> id: tempperm]
2023-05-17 22:05:804 INFO  HomePage :104 - Click on:[[ChromeDriver: chrome on WINDOWS (cafee35e6ce8d2b69e717c1e2c49fb09)] -> id: hp-search-btn]
2023-05-17 22:05:117 INFO  ResultPage :24 - Verify the result:[[ChromeDriver: chrome on WINDOWS (cafee35e6ce8d2b69e717c1e2c49fb09)] -> xpath: //h1[@class='search-header__title']]
2023-05-17 22:05:995 INFO  HomePage :67 - Acceptcookies:[[ChromeDriver: chrome on WINDOWS (9c5cc86ef8c1c3adb56390f371207862)] -> xpath: //button[@id='save']]
2023-05-17 22:05:509 INFO  HomePage :71 - Enter job title:[[ChromeDriver: chrome on WINDOWS (9c5cc86ef8c1c3adb56390f371207862)] -> id: keywords]
2023-05-17 22:05:617 INFO  HomePage :75 - Enter location:[[ChromeDriver: chrome on WINDOWS (9c5cc86ef8c1c3adb56390f371207862)] -> id: location]
2023-05-17 22:05:730 INFO  HomePage :79 - Select distance:[[ChromeDriver: chrome on WINDOWS (9c5cc86ef8c1c3adb56390f371207862)] -> id: distance]
2023-05-17 22:05:853 INFO  HomePage :83 - Click on more search option:[[ChromeDriver: chrome on WINDOWS (9c5cc86ef8c1c3adb56390f371207862)] -> id: toggle-hp-search]
2023-05-17 22:05:52 INFO  HomePage :87 - Enter min salary:[[ChromeDriver: chrome on WINDOWS (9c5cc86ef8c1c3adb56390f371207862)] -> id: salarymin]
2023-05-17 22:05:162 INFO  HomePage :92 - Enter max salary:[[ChromeDriver: chrome on WINDOWS (9c5cc86ef8c1c3adb56390f371207862)] -> id: salarymax]
2023-05-17 22:05:274 INFO  HomePage :96 - Select salary type from the dropdown:[[ChromeDriver: chrome on WINDOWS (9c5cc86ef8c1c3adb56390f371207862)] -> id: salarytype]
2023-05-17 22:05:356 INFO  HomePage :100 - Select job type from the dropdown:[[ChromeDriver: chrome on WINDOWS (9c5cc86ef8c1c3adb56390f371207862)] -> id: tempperm]
2023-05-17 22:05:459 INFO  HomePage :104 - Click on:[[ChromeDriver: chrome on WINDOWS (9c5cc86ef8c1c3adb56390f371207862)] -> id: hp-search-btn]
2023-05-17 22:05:548 INFO  ResultPage :24 - Verify the result:[[ChromeDriver: chrome on WINDOWS (9c5cc86ef8c1c3adb56390f371207862)] -> xpath: //h1[@class='search-header__title']]
2023-05-17 22:05:645 INFO  HomePage :67 - Acceptcookies:[[ChromeDriver: chrome on WINDOWS (ef3b05e9f80c7b183bf3a93bdd2c31ed)] -> xpath: //button[@id='save']]
2023-05-17 22:05:143 INFO  HomePage :71 - Enter job title:[[ChromeDriver: chrome on WINDOWS (ef3b05e9f80c7b183bf3a93bdd2c31ed)] -> id: keywords]
2023-05-17 22:05:297 INFO  HomePage :75 - Enter location:[[ChromeDriver: chrome on WINDOWS (ef3b05e9f80c7b183bf3a93bdd2c31ed)] -> id: location]
2023-05-17 22:05:472 INFO  HomePage :79 - Select distance:[[ChromeDriver: chrome on WINDOWS (ef3b05e9f80c7b183bf3a93bdd2c31ed)] -> id: distance]
2023-05-17 22:05:576 INFO  HomePage :83 - Click on more search option:[[ChromeDriver: chrome on WINDOWS (ef3b05e9f80c7b183bf3a93bdd2c31ed)] -> id: toggle-hp-search]
2023-05-17 22:05:774 INFO  HomePage :87 - Enter min salary:[[ChromeDriver: chrome on WINDOWS (ef3b05e9f80c7b183bf3a93bdd2c31ed)] -> id: salarymin]
2023-05-17 22:05:885 INFO  HomePage :92 - Enter max salary:[[ChromeDriver: chrome on WINDOWS (ef3b05e9f80c7b183bf3a93bdd2c31ed)] -> id: salarymax]
2023-05-17 22:05:984 INFO  HomePage :96 - Select salary type from the dropdown:[[ChromeDriver: chrome on WINDOWS (ef3b05e9f80c7b183bf3a93bdd2c31ed)] -> id: salarytype]
2023-05-17 22:05:77 INFO  HomePage :100 - Select job type from the dropdown:[[ChromeDriver: chrome on WINDOWS (ef3b05e9f80c7b183bf3a93bdd2c31ed)] -> id: tempperm]
2023-05-17 22:05:177 INFO  HomePage :104 - Click on:[[ChromeDriver: chrome on WINDOWS (ef3b05e9f80c7b183bf3a93bdd2c31ed)] -> id: hp-search-btn]
2023-05-17 22:05:138 INFO  ResultPage :24 - Verify the result:[[ChromeDriver: chrome on WINDOWS (ef3b05e9f80c7b183bf3a93bdd2c31ed)] -> xpath: //h1[@class='search-header__title']]
2023-05-17 22:05:834 INFO  HomePage :67 - Acceptcookies:[[ChromeDriver: chrome on WINDOWS (1065e11b6cf4e3a3205c9be9e5bb5083)] -> xpath: //button[@id='save']]
2023-05-17 22:05:274 INFO  HomePage :71 - Enter job title:[[ChromeDriver: chrome on WINDOWS (1065e11b6cf4e3a3205c9be9e5bb5083)] -> id: keywords]
2023-05-17 22:05:391 INFO  HomePage :75 - Enter location:[[ChromeDriver: chrome on WINDOWS (1065e11b6cf4e3a3205c9be9e5bb5083)] -> id: location]
2023-05-17 22:05:539 INFO  HomePage :79 - Select distance:[[ChromeDriver: chrome on WINDOWS (1065e11b6cf4e3a3205c9be9e5bb5083)] -> id: distance]
2023-05-17 22:05:628 INFO  HomePage :83 - Click on more search option:[[ChromeDriver: chrome on WINDOWS (1065e11b6cf4e3a3205c9be9e5bb5083)] -> id: toggle-hp-search]
2023-05-17 22:05:829 INFO  HomePage :87 - Enter min salary:[[ChromeDriver: chrome on WINDOWS (1065e11b6cf4e3a3205c9be9e5bb5083)] -> id: salarymin]
2023-05-17 22:05:924 INFO  HomePage :92 - Enter max salary:[[ChromeDriver: chrome on WINDOWS (1065e11b6cf4e3a3205c9be9e5bb5083)] -> id: salarymax]
2023-05-17 22:05:20 INFO  HomePage :96 - Select salary type from the dropdown:[[ChromeDriver: chrome on WINDOWS (1065e11b6cf4e3a3205c9be9e5bb5083)] -> id: salarytype]
2023-05-17 22:05:111 INFO  HomePage :100 - Select job type from the dropdown:[[ChromeDriver: chrome on WINDOWS (1065e11b6cf4e3a3205c9be9e5bb5083)] -> id: tempperm]
2023-05-17 22:05:222 INFO  HomePage :104 - Click on:[[ChromeDriver: chrome on WINDOWS (1065e11b6cf4e3a3205c9be9e5bb5083)] -> id: hp-search-btn]
2023-05-17 22:05:710 INFO  ResultPage :24 - Verify the result:[[ChromeDriver: chrome on WINDOWS (1065e11b6cf4e3a3205c9be9e5bb5083)] -> xpath: //h1[@class='search-header__title']]
2023-05-17 22:05:930 INFO  HomePage :67 - Acceptcookies:[[ChromeDriver: chrome on WINDOWS (d12a532a2c8a2776f4ce50127e991dbd)] -> xpath: //button[@id='save']]
2023-05-17 22:05:328 INFO  HomePage :71 - Enter job title:[[ChromeDriver: chrome on WINDOWS (d12a532a2c8a2776f4ce50127e991dbd)] -> id: keywords]
2023-05-17 22:05:470 INFO  HomePage :75 - Enter location:[[ChromeDriver: chrome on WINDOWS (d12a532a2c8a2776f4ce50127e991dbd)] -> id: location]
2023-05-17 22:05:600 INFO  HomePage :79 - Select distance:[[ChromeDriver: chrome on WINDOWS (d12a532a2c8a2776f4ce50127e991dbd)] -> id: distance]
2023-05-17 22:05:851 INFO  HomePage :83 - Click on more search option:[[ChromeDriver: chrome on WINDOWS (d12a532a2c8a2776f4ce50127e991dbd)] -> id: toggle-hp-search]
2023-05-17 22:05:20 INFO  HomePage :87 - Enter min salary:[[ChromeDriver: chrome on WINDOWS (d12a532a2c8a2776f4ce50127e991dbd)] -> id: salarymin]
2023-05-17 22:05:143 INFO  HomePage :92 - Enter max salary:[[ChromeDriver: chrome on WINDOWS (d12a532a2c8a2776f4ce50127e991dbd)] -> id: salarymax]
2023-05-17 22:05:238 INFO  HomePage :96 - Select salary type from the dropdown:[[ChromeDriver: chrome on WINDOWS (d12a532a2c8a2776f4ce50127e991dbd)] -> id: salarytype]
2023-05-17 22:05:328 INFO  HomePage :100 - Select job type from the dropdown:[[ChromeDriver: chrome on WINDOWS (d12a532a2c8a2776f4ce50127e991dbd)] -> id: tempperm]
2023-05-17 22:05:431 INFO  HomePage :104 - Click on:[[ChromeDriver: chrome on WINDOWS (d12a532a2c8a2776f4ce50127e991dbd)] -> id: hp-search-btn]
2023-05-17 22:05:678 INFO  ResultPage :24 - Verify the result:[[ChromeDriver: chrome on WINDOWS (d12a532a2c8a2776f4ce50127e991dbd)] -> xpath: //h1[@class='search-header__title']]
2023-05-17 22:05:57 INFO  HomePage :67 - Acceptcookies:[[ChromeDriver: chrome on WINDOWS (e0f8061fb4494d8e4f736af264112986)] -> xpath: //button[@id='save']]
2023-05-17 22:05:476 INFO  HomePage :71 - Enter job title:[[ChromeDriver: chrome on WINDOWS (e0f8061fb4494d8e4f736af264112986)] -> id: keywords]
2023-05-17 22:05:565 INFO  HomePage :75 - Enter location:[[ChromeDriver: chrome on WINDOWS (e0f8061fb4494d8e4f736af264112986)] -> id: location]
2023-05-17 22:05:686 INFO  HomePage :79 - Select distance:[[ChromeDriver: chrome on WINDOWS (e0f8061fb4494d8e4f736af264112986)] -> id: distance]
2023-05-17 22:05:11 INFO  HomePage :83 - Click on more search option:[[ChromeDriver: chrome on WINDOWS (e0f8061fb4494d8e4f736af264112986)] -> id: toggle-hp-search]
2023-05-17 22:05:179 INFO  HomePage :87 - Enter min salary:[[ChromeDriver: chrome on WINDOWS (e0f8061fb4494d8e4f736af264112986)] -> id: salarymin]
2023-05-17 22:05:288 INFO  HomePage :92 - Enter max salary:[[ChromeDriver: chrome on WINDOWS (e0f8061fb4494d8e4f736af264112986)] -> id: salarymax]
2023-05-17 22:05:383 INFO  HomePage :96 - Select salary type from the dropdown:[[ChromeDriver: chrome on WINDOWS (e0f8061fb4494d8e4f736af264112986)] -> id: salarytype]
2023-05-17 22:05:463 INFO  HomePage :100 - Select job type from the dropdown:[[ChromeDriver: chrome on WINDOWS (e0f8061fb4494d8e4f736af264112986)] -> id: tempperm]
2023-05-17 22:05:578 INFO  HomePage :104 - Click on:[[ChromeDriver: chrome on WINDOWS (e0f8061fb4494d8e4f736af264112986)] -> id: hp-search-btn]
2023-05-17 22:05:167 INFO  ResultPage :24 - Verify the result:[[ChromeDriver: chrome on WINDOWS (e0f8061fb4494d8e4f736af264112986)] -> xpath: //h1[@class='search-header__title']]
2023-05-17 22:05:597 INFO  HomePage :67 - Acceptcookies:[[ChromeDriver: chrome on WINDOWS (28c84ec2bf5a0c5a1792c6d29794d552)] -> xpath: //button[@id='save']]
2023-05-17 22:05:53 INFO  HomePage :71 - Enter job title:[[ChromeDriver: chrome on WINDOWS (28c84ec2bf5a0c5a1792c6d29794d552)] -> id: keywords]
2023-05-17 22:05:212 INFO  HomePage :75 - Enter location:[[ChromeDriver: chrome on WINDOWS (28c84ec2bf5a0c5a1792c6d29794d552)] -> id: location]
2023-05-17 22:05:348 INFO  HomePage :79 - Select distance:[[ChromeDriver: chrome on WINDOWS (28c84ec2bf5a0c5a1792c6d29794d552)] -> id: distance]
2023-05-17 22:05:477 INFO  HomePage :83 - Click on more search option:[[ChromeDriver: chrome on WINDOWS (28c84ec2bf5a0c5a1792c6d29794d552)] -> id: toggle-hp-search]
2023-05-17 22:05:731 INFO  HomePage :87 - Enter min salary:[[ChromeDriver: chrome on WINDOWS (28c84ec2bf5a0c5a1792c6d29794d552)] -> id: salarymin]
2023-05-17 22:05:846 INFO  HomePage :92 - Enter max salary:[[ChromeDriver: chrome on WINDOWS (28c84ec2bf5a0c5a1792c6d29794d552)] -> id: salarymax]
2023-05-17 22:05:953 INFO  HomePage :96 - Select salary type from the dropdown:[[ChromeDriver: chrome on WINDOWS (28c84ec2bf5a0c5a1792c6d29794d552)] -> id: salarytype]
2023-05-17 22:05:57 INFO  HomePage :100 - Select job type from the dropdown:[[ChromeDriver: chrome on WINDOWS (28c84ec2bf5a0c5a1792c6d29794d552)] -> id: tempperm]
2023-05-17 22:05:171 INFO  HomePage :104 - Click on:[[ChromeDriver: chrome on WINDOWS (28c84ec2bf5a0c5a1792c6d29794d552)] -> id: hp-search-btn]
2023-05-17 22:05:11 INFO  ResultPage :24 - Verify the result:[[ChromeDriver: chrome on WINDOWS (28c84ec2bf5a0c5a1792c6d29794d552)] -> xpath: //h1[@class='search-header__title']]
2023-05-17 22:05:902 INFO  HomePage :67 - Acceptcookies:[[ChromeDriver: chrome on WINDOWS (cde7a4c63876df1e96c1e8f4e4c7e00c)] -> xpath: //button[@id='save']]
2023-05-17 22:05:388 INFO  HomePage :71 - Enter job title:[[ChromeDriver: chrome on WINDOWS (cde7a4c63876df1e96c1e8f4e4c7e00c)] -> id: keywords]
2023-05-17 22:05:475 INFO  HomePage :75 - Enter location:[[ChromeDriver: chrome on WINDOWS (cde7a4c63876df1e96c1e8f4e4c7e00c)] -> id: location]
2023-05-17 22:05:553 INFO  HomePage :79 - Select distance:[[ChromeDriver: chrome on WINDOWS (cde7a4c63876df1e96c1e8f4e4c7e00c)] -> id: distance]
2023-05-17 22:05:805 INFO  HomePage :83 - Click on more search option:[[ChromeDriver: chrome on WINDOWS (cde7a4c63876df1e96c1e8f4e4c7e00c)] -> id: toggle-hp-search]
2023-05-17 22:05:963 INFO  HomePage :87 - Enter min salary:[[ChromeDriver: chrome on WINDOWS (cde7a4c63876df1e96c1e8f4e4c7e00c)] -> id: salarymin]
2023-05-17 22:05:81 INFO  HomePage :92 - Enter max salary:[[ChromeDriver: chrome on WINDOWS (cde7a4c63876df1e96c1e8f4e4c7e00c)] -> id: salarymax]
2023-05-17 22:05:194 INFO  HomePage :96 - Select salary type from the dropdown:[[ChromeDriver: chrome on WINDOWS (cde7a4c63876df1e96c1e8f4e4c7e00c)] -> id: salarytype]
2023-05-17 22:05:282 INFO  HomePage :100 - Select job type from the dropdown:[[ChromeDriver: chrome on WINDOWS (cde7a4c63876df1e96c1e8f4e4c7e00c)] -> id: tempperm]
2023-05-17 22:05:386 INFO  HomePage :104 - Click on:[[ChromeDriver: chrome on WINDOWS (cde7a4c63876df1e96c1e8f4e4c7e00c)] -> id: hp-search-btn]
2023-05-17 22:05:425 INFO  ResultPage :24 - Verify the result:[[ChromeDriver: chrome on WINDOWS (cde7a4c63876df1e96c1e8f4e4c7e00c)] -> xpath: //h1[@class='search-header__title']]
2023-05-17 22:05:888 INFO  HomePage :67 - Acceptcookies:[[ChromeDriver: chrome on WINDOWS (0ad1c90a6039cff5ab29efed02d1af03)] -> xpath: //button[@id='save']]
2023-05-17 22:05:332 INFO  HomePage :71 - Enter job title:[[ChromeDriver: chrome on WINDOWS (0ad1c90a6039cff5ab29efed02d1af03)] -> id: keywords]
2023-05-17 22:05:499 INFO  HomePage :75 - Enter location:[[ChromeDriver: chrome on WINDOWS (0ad1c90a6039cff5ab29efed02d1af03)] -> id: location]
2023-05-17 22:05:665 INFO  HomePage :79 - Select distance:[[ChromeDriver: chrome on WINDOWS (0ad1c90a6039cff5ab29efed02d1af03)] -> id: distance]
2023-05-17 22:05:781 INFO  HomePage :83 - Click on more search option:[[ChromeDriver: chrome on WINDOWS (0ad1c90a6039cff5ab29efed02d1af03)] -> id: toggle-hp-search]
2023-05-17 22:05:23 INFO  HomePage :87 - Enter min salary:[[ChromeDriver: chrome on WINDOWS (0ad1c90a6039cff5ab29efed02d1af03)] -> id: salarymin]
2023-05-17 22:05:139 INFO  HomePage :92 - Enter max salary:[[ChromeDriver: chrome on WINDOWS (0ad1c90a6039cff5ab29efed02d1af03)] -> id: salarymax]
2023-05-17 22:05:231 INFO  HomePage :96 - Select salary type from the dropdown:[[ChromeDriver: chrome on WINDOWS (0ad1c90a6039cff5ab29efed02d1af03)] -> id: salarytype]
2023-05-17 22:05:309 INFO  HomePage :100 - Select job type from the dropdown:[[ChromeDriver: chrome on WINDOWS (0ad1c90a6039cff5ab29efed02d1af03)] -> id: tempperm]
2023-05-17 22:05:416 INFO  HomePage :104 - Click on:[[ChromeDriver: chrome on WINDOWS (0ad1c90a6039cff5ab29efed02d1af03)] -> id: hp-search-btn]
2023-05-17 22:05:820 INFO  ResultPage :24 - Verify the result:[[ChromeDriver: chrome on WINDOWS (0ad1c90a6039cff5ab29efed02d1af03)] -> xpath: //h1[@class='search-header__title']]
